0 info it worked if it ends with ok
1 verbose cli [ 'c:\\Program Files\\nodejs\\node.exe',
1 verbose cli   'c:\\Program Files\\nodejs\\node_modules\\npm\\bin\\npm-cli.js',
1 verbose cli   'start' ]
2 info using npm@3.5.1
3 info using node@v0.12.3
4 verbose run-script [ 'prestart', 'start', 'poststart' ]
5 info lifecycle myapp@0.0.0~prestart: myapp@0.0.0
6 silly lifecycle myapp@0.0.0~prestart: no script for prestart, continuing
7 info lifecycle myapp@0.0.0~start: myapp@0.0.0
8 verbose lifecycle myapp@0.0.0~start: unsafe-perm in lifecycle true
9 verbose lifecycle myapp@0.0.0~start: PATH: c:\Program Files\nodejs\node_modules\npm\bin\node-gyp-bin;d:\code\node\mycron\node_modules\.bin;c:\Users\Administrator\bin;.;C:\Program Files (x86)\Git\local\bin;C:\Program Files (x86)\Git\mingw\bin;C:\Program Files (x86)\Git\bin;C:\Program Files (x86)\Git\bin;c:\ProgramData\Oracle\Java\javapath;c:\Program Files (x86)\Mozilla Firefox;c:\Windows\System32;c:\xampp\mysql\bin;c:\xampp\php;c:\Program Files\OpenVPN\bin;c:\ProgramData\ComposerSetup\bin;C:\Program Files (x86)\Git\bin;c:\ruby\bin;c:\Program Files\nodejs\;c:\Program Files\nodejs\node_modules;c:\Python34;c:\Windows\System32\WindowsPowerShell\v1.0;c:\ProgramData\chocolatey\bin;c:\tools\apache-ant-1.9.4\bin;d:\adt-bundle-windows-x86_64-20130729\adt-bundle-windows-x86_64-20130729\sdk\platform-tools;d:\adt-bundle-windows-x86_64-20130729\adt-bundle-windows-x86_64-20130729\sdk\tools;c:\Program Files\Java\jdk1.8.0_60\bin;c:\Program Files\Java\jdk1.8.0_60\jre\bin;c:\xampp\tomcat\lib;c:\Program Files\TortoiseSVN\bin;c:\Program Files (x86)\Heroku\bin;c:\Users\Administrator\AppData\Roaming\npm;c:\ruby\devkit\bin;c:\Program Files (x86)\IDM Computer Solutions\UltraEdit;c:\Users\Administrator\AppData\Roaming\npm
10 verbose lifecycle myapp@0.0.0~start: CWD: d:\code\node\mycron
11 silly lifecycle myapp@0.0.0~start: Args: [ '/d /s /c', 'node ./bin/www' ]
12 silly lifecycle myapp@0.0.0~start: Returned: code: 1  signal: null
13 info lifecycle myapp@0.0.0~start: Failed to exec start script
14 verbose stack Error: myapp@0.0.0 start: `node ./bin/www`
14 verbose stack Exit status 1
14 verbose stack     at EventEmitter.<anonymous> (c:\Program Files\nodejs\node_modules\npm\lib\utils\lifecycle.js:232:16)
14 verbose stack     at EventEmitter.emit (events.js:110:17)
14 verbose stack     at ChildProcess.<anonymous> (c:\Program Files\nodejs\node_modules\npm\lib\utils\spawn.js:24:14)
14 verbose stack     at ChildProcess.emit (events.js:110:17)
14 verbose stack     at maybeClose (child_process.js:1015:16)
14 verbose stack     at Process.ChildProcess._handle.onexit (child_process.js:1087:5)
15 verbose pkgid myapp@0.0.0
16 verbose cwd d:\code\node\mycron
17 error Windows_NT 6.1.7601
18 error argv "c:\\Program Files\\nodejs\\node.exe" "c:\\Program Files\\nodejs\\node_modules\\npm\\bin\\npm-cli.js" "start"
19 error node v0.12.3
20 error npm  v3.5.1
21 error code ELIFECYCLE
22 error myapp@0.0.0 start: `node ./bin/www`
22 error Exit status 1
23 error Failed at the myapp@0.0.0 start script 'node ./bin/www'.
23 error Make sure you have the latest version of node.js and npm installed.
23 error If you do, this is most likely a problem with the myapp package,
23 error not with npm itself.
23 error Tell the author that this fails on your system:
23 error     node ./bin/www
23 error You can get information on how to open an issue for this project with:
23 error     npm bugs myapp
23 error Or if that isn't available, you can get their info via:
23 error     npm owner ls myapp
23 error There is likely additional logging output above.
24 verbose exit [ 1, true ]
